<?xml version="1.0" encoding="utf-8" standalone="no"?>
<!--This file represents the results of running a test suite-->
<test-results name="C:\Users\JOJIKAMIYA\Source\Repos\SojiToban\SojiTobanTest\SojiTobanTest.csproj" total="0" errors="0" failures="0" not-run="0" inconclusive="0" ignored="0" skipped="0" invalid="0" date="2014-10-19" time="18:13:32">
  <environment nunit-version="2.6.3.13283" clr-version="2.0.50727.5485" os-version="Microsoft Windows NT 6.1.7601 Service Pack 1" platform="Win32NT" cwd="C:\Program Files (x86)\NUnit 2.6.3\bin" machine-name="WIN-STNLE17E695" user="JOJIKAMIYA" user-domain="WIN-STNLE17E695" />
  <culture-info current-culture="ja-JP" current-uiculture="ja-JP" />
  <test-suite type="Project" name="C:\Users\JOJIKAMIYA\Source\Repos\SojiToban\SojiTobanTest\SojiTobanTest.csproj" executed="True" result="Inconclusive" success="False" time="0.001" asserts="0">
    <results>
      <test-suite type="Assembly" name="C:\Users\JOJIKAMIYA\Source\Repos\SojiToban\SojiTobanTest\bin\Debug\SojiTobanTest.dll" executed="True" result="Inconclusive" success="False" time="0.000" asserts="0" />
    </results>
  </test-suite>
</test-results>